<?xml version="1.0" encoding="UTF-8"?>
<coverage generated="1750855400408" clover="3.2.0">
  <project timestamp="1750855400408" name="All files">
    <metrics statements="54" coveredstatements="53" conditionals="31" coveredconditionals="17" methods="20" coveredmethods="20" elements="105" coveredelements="90" complexity="0" loc="54" ncloc="54" packages="2" files="8" classes="8"/>
    <package name="src">
      <metrics statements="21" coveredstatements="20" conditionals="2" coveredconditionals="2" methods="7" coveredmethods="7"/>
      <file name="App.jsx" path="C:\Users\niels\Documents\CF\meet\src\App.jsx">
        <metrics statements="13" coveredstatements="13" conditionals="2" coveredconditionals="2" methods="4" coveredmethods="4"/>
        <line num="12" count="12" type="stmt"/>
        <line num="13" count="11" type="stmt"/>
        <line num="14" count="11" type="stmt"/>
        <line num="15" count="11" type="stmt"/>
        <line num="17" count="11" type="stmt"/>
        <line num="18" count="7" type="stmt"/>
        <line num="21" count="11" type="stmt"/>
        <line num="22" count="7" type="stmt"/>
        <line num="23" count="7" type="cond" truecount="2" falsecount="0"/>
        <line num="25" count="40" type="stmt"/>
        <line num="26" count="7" type="stmt"/>
        <line num="27" count="7" type="stmt"/>
        <line num="31" count="11" type="stmt"/>
      </file>
      <file name="api.js" path="C:\Users\niels\Documents\CF\meet\src\api.js">
        <metrics statements="6" coveredstatements="6" conditionals="0" coveredconditionals="0" methods="3" coveredmethods="3"/>
        <line num="11" count="5" type="stmt"/>
        <line num="12" count="440" type="stmt"/>
        <line num="13" count="11" type="stmt"/>
        <line num="14" count="11" type="stmt"/>
        <line num="21" count="5" type="stmt"/>
        <line num="22" count="19" type="stmt"/>
      </file>
      <file name="main.jsx" path="C:\Users\niels\Documents\CF\meet\src\main.jsx">
        <metrics statements="1" coveredstatements="0" conditionals="0" coveredconditionals="0" methods="0" coveredmethods="0"/>
        <line num="6" count="0" type="stmt"/>
      </file>
      <file name="mock-data.js" path="C:\Users\niels\Documents\CF\meet\src\mock-data.js">
        <metrics statements="1" coveredstatements="1" conditionals="0" coveredconditionals="0" methods="0" coveredmethods="0"/>
        <line num="1" count="5" type="stmt"/>
      </file>
    </package>
    <package name="src.components">
      <metrics statements="33" coveredstatements="33" conditionals="29" coveredconditionals="15" methods="13" coveredmethods="13"/>
      <file name="CitySearch.jsx" path="C:\Users\niels\Documents\CF\meet\src\components\CitySearch.jsx">
        <metrics statements="20" coveredstatements="20" conditionals="4" coveredconditionals="3" methods="7" coveredmethods="7"/>
        <line num="5" count="3" type="stmt"/>
        <line num="6" count="76" type="stmt"/>
        <line num="7" count="76" type="stmt"/>
        <line num="8" count="76" type="stmt"/>
        <line num="10" count="76" type="stmt"/>
        <line num="11" count="18" type="stmt"/>
        <line num="14" count="76" type="stmt"/>
        <line num="15" count="31" type="stmt"/>
        <line num="16" count="31" type="cond" truecount="1" falsecount="1"/>
        <line num="17" count="186" type="stmt"/>
        <line num="20" count="31" type="stmt"/>
        <line num="21" count="31" type="stmt"/>
        <line num="24" count="76" type="stmt"/>
        <line num="25" count="2" type="stmt"/>
        <line num="26" count="2" type="stmt"/>
        <line num="27" count="2" type="stmt"/>
        <line num="28" count="2" type="stmt"/>
        <line num="31" count="76" type="stmt"/>
        <line num="38" count="6" type="stmt"/>
        <line num="43" count="50" type="stmt"/>
      </file>
      <file name="Event.jsx" path="C:\Users\niels\Documents\CF\meet\src\components\Event.jsx">
        <metrics statements="6" coveredstatements="6" conditionals="23" coveredconditionals="10" methods="2" coveredmethods="2"/>
        <line num="4" count="4" type="stmt"/>
        <line num="5" count="193" type="stmt"/>
        <line num="6" count="193" type="cond" truecount="1" falsecount="1"/>
        <line num="17" count="193" type="stmt"/>
        <line num="18" count="193" type="stmt"/>
        <line num="23" count="2" type="stmt"/>
      </file>
      <file name="EventList.jsx" path="C:\Users\niels\Documents\CF\meet\src\components\EventList.jsx">
        <metrics statements="3" coveredstatements="3" conditionals="2" coveredconditionals="2" methods="2" coveredmethods="2"/>
        <line num="5" count="3" type="stmt"/>
        <line num="6" count="14" type="stmt"/>
        <line num="10" count="186" type="stmt"/>
      </file>
      <file name="NumberOfEvents.jsx" path="C:\Users\niels\Documents\CF\meet\src\components\NumberOfEvents.jsx">
        <metrics statements="4" coveredstatements="4" conditionals="0" coveredconditionals="0" methods="2" coveredmethods="2"/>
        <line num="5" count="4" type="stmt"/>
        <line num="6" count="18" type="stmt"/>
        <line num="8" count="18" type="stmt"/>
        <line num="15" count="4" type="stmt"/>
      </file>
    </package>
  </project>
</coverage>
