{"C:\\Users\\niels\\Documents\\CF\\meet\\src\\App.jsx": {"path":"C:\\Users\\niels\\Documents\\CF\\meet\\src\\App.jsx","statementMap":{"0":{"start":{"line":12,"column":30},"end":{"line":12,"column":42}},"1":{"start":{"line":13,"column":38},"end":{"line":13,"column":50}},"2":{"start":{"line":14,"column":42},"end":{"line":14,"column":54}},"3":{"start":{"line":15,"column":40},"end":{"line":15,"column":66}},"4":{"start":{"line":17,"column":2},"end":{"line":19,"column":20}},"5":{"start":{"line":18,"column":4},"end":{"line":18,"column":16}},"6":{"start":{"line":21,"column":20},"end":{"line":28,"column":3}},"7":{"start":{"line":22,"column":22},"end":{"line":22,"column":39}},"8":{"start":{"line":23,"column":27},"end":{"line":25,"column":63}},"9":{"start":{"line":25,"column":32},"end":{"line":25,"column":62}},"10":{"start":{"line":26,"column":4},"end":{"line":26,"column":51}},"11":{"start":{"line":27,"column":4},"end":{"line":27,"column":49}},"12":{"start":{"line":31,"column":2},"end":{"line":37,"column":4}}},"fnMap":{"0":{"name":"App","decl":{"start":{"line":10,"column":9},"end":{"line":10,"column":12}},"loc":{"start":{"line":10,"column":15},"end":{"line":38,"column":1}},"line":10},"1":{"name":"(anonymous_1)","decl":{"start":{"line":17,"column":12},"end":{"line":17,"column":13}},"loc":{"start":{"line":17,"column":18},"end":{"line":19,"column":3}},"line":17},"2":{"name":"(anonymous_2)","decl":{"start":{"line":21,"column":20},"end":{"line":21,"column":21}},"loc":{"start":{"line":21,"column":32},"end":{"line":28,"column":3}},"line":21},"3":{"name":"(anonymous_3)","decl":{"start":{"line":25,"column":23},"end":{"line":25,"column":24}},"loc":{"start":{"line":25,"column":32},"end":{"line":25,"column":62}},"line":25}},"branchMap":{"0":{"loc":{"start":{"line":23,"column":27},"end":{"line":25,"column":63}},"type":"cond-expr","locations":[{"start":{"line":24,"column":6},"end":{"line":24,"column":15}},{"start":{"line":25,"column":6},"end":{"line":25,"column":63}}],"line":23}},"s":{"0":12,"1":11,"2":11,"3":11,"4":11,"5":7,"6":11,"7":7,"8":7,"9":40,"10":7,"11":7,"12":11},"f":{"0":12,"1":7,"2":7,"3":40},"b":{"0":[6,1]},"_coverageSchema":"1a1c01bbd47fc00a2c39e90264f33305004495a9","hash":"4acf9a152be7d79079868324491726888a09a7e4"}
,"C:\\Users\\niels\\Documents\\CF\\meet\\src\\api.js": {"path":"C:\\Users\\niels\\Documents\\CF\\meet\\src\\api.js","statementMap":{"0":{"start":{"line":11,"column":32},"end":{"line":15,"column":1}},"1":{"start":{"line":12,"column":31},"end":{"line":12,"column":68}},"2":{"start":{"line":12,"column":53},"end":{"line":12,"column":67}},"3":{"start":{"line":13,"column":22},"end":{"line":13,"column":54}},"4":{"start":{"line":14,"column":4},"end":{"line":14,"column":21}},"5":{"start":{"line":21,"column":25},"end":{"line":23,"column":1}},"6":{"start":{"line":22,"column":4},"end":{"line":22,"column":20}}},"fnMap":{"0":{"name":"(anonymous_0)","decl":{"start":{"line":11,"column":32},"end":{"line":11,"column":33}},"loc":{"start":{"line":11,"column":44},"end":{"line":15,"column":1}},"line":11},"1":{"name":"(anonymous_1)","decl":{"start":{"line":12,"column":42},"end":{"line":12,"column":43}},"loc":{"start":{"line":12,"column":53},"end":{"line":12,"column":67}},"line":12},"2":{"name":"(anonymous_2)","decl":{"start":{"line":21,"column":25},"end":{"line":21,"column":26}},"loc":{"start":{"line":21,"column":37},"end":{"line":23,"column":1}},"line":21}},"branchMap":{},"s":{"0":5,"1":11,"2":440,"3":11,"4":11,"5":5,"6":19},"f":{"0":11,"1":440,"2":19},"b":{},"_coverageSchema":"1a1c01bbd47fc00a2c39e90264f33305004495a9","hash":"532564f99572300b94443515ec2d34283542d77e"}
,"C:\\Users\\niels\\Documents\\CF\\meet\\src\\main.jsx": {"path":"C:\\Users\\niels\\Documents\\CF\\meet\\src\\main.jsx","statementMap":{"0":{"start":{"line":6,"column":0},"end":{"line":10,"column":1}}},"fnMap":{},"branchMap":{},"s":{"0":0},"f":{},"b":{}}
,"C:\\Users\\niels\\Documents\\CF\\meet\\src\\mock-data.js": {"path":"C:\\Users\\niels\\Documents\\CF\\meet\\src\\mock-data.js","statementMap":{"0":{"start":{"line":1,"column":17},"end":{"line":1682,"column":1}}},"fnMap":{},"branchMap":{},"s":{"0":5},"f":{},"b":{},"_coverageSchema":"1a1c01bbd47fc00a2c39e90264f33305004495a9","hash":"0ba459a6d5361521f865af8821e44dae72e75396"}
,"C:\\Users\\niels\\Documents\\CF\\meet\\src\\components\\CitySearch.jsx": {"path":"C:\\Users\\niels\\Documents\\CF\\meet\\src\\components\\CitySearch.jsx","statementMap":{"0":{"start":{"line":5,"column":19},"end":{"line":51,"column":1}},"1":{"start":{"line":6,"column":50},"end":{"line":6,"column":65}},"2":{"start":{"line":7,"column":30},"end":{"line":7,"column":42}},"3":{"start":{"line":8,"column":42},"end":{"line":8,"column":54}},"4":{"start":{"line":10,"column":4},"end":{"line":12,"column":28}},"5":{"start":{"line":11,"column":8},"end":{"line":11,"column":37}},"6":{"start":{"line":14,"column":31},"end":{"line":22,"column":5}},"7":{"start":{"line":15,"column":22},"end":{"line":15,"column":40}},"8":{"start":{"line":16,"column":34},"end":{"line":18,"column":15}},"9":{"start":{"line":17,"column":12},"end":{"line":17,"column":76}},"10":{"start":{"line":20,"column":8},"end":{"line":20,"column":24}},"11":{"start":{"line":21,"column":8},"end":{"line":21,"column":42}},"12":{"start":{"line":24,"column":30},"end":{"line":29,"column":5}},"13":{"start":{"line":25,"column":22},"end":{"line":25,"column":46}},"14":{"start":{"line":26,"column":8},"end":{"line":26,"column":24}},"15":{"start":{"line":27,"column":8},"end":{"line":27,"column":34}},"16":{"start":{"line":28,"column":8},"end":{"line":28,"column":30}},"17":{"start":{"line":31,"column":4},"end":{"line":50,"column":5}},"18":{"start":{"line":38,"column":31},"end":{"line":38,"column":55}},"19":{"start":{"line":43,"column":20},"end":{"line":43,"column":93}}},"fnMap":{"0":{"name":"(anonymous_0)","decl":{"start":{"line":5,"column":19},"end":{"line":5,"column":20}},"loc":{"start":{"line":5,"column":57},"end":{"line":51,"column":1}},"line":5},"1":{"name":"(anonymous_1)","decl":{"start":{"line":10,"column":14},"end":{"line":10,"column":15}},"loc":{"start":{"line":10,"column":20},"end":{"line":12,"column":5}},"line":10},"2":{"name":"(anonymous_2)","decl":{"start":{"line":14,"column":31},"end":{"line":14,"column":32}},"loc":{"start":{"line":14,"column":42},"end":{"line":22,"column":5}},"line":14},"3":{"name":"(anonymous_3)","decl":{"start":{"line":16,"column":69},"end":{"line":16,"column":70}},"loc":{"start":{"line":16,"column":83},"end":{"line":18,"column":9}},"line":16},"4":{"name":"(anonymous_4)","decl":{"start":{"line":24,"column":30},"end":{"line":24,"column":31}},"loc":{"start":{"line":24,"column":41},"end":{"line":29,"column":5}},"line":24},"5":{"name":"(anonymous_5)","decl":{"start":{"line":38,"column":25},"end":{"line":38,"column":26}},"loc":{"start":{"line":38,"column":31},"end":{"line":38,"column":55}},"line":38},"6":{"name":"(anonymous_6)","decl":{"start":{"line":42,"column":33},"end":{"line":42,"column":34}},"loc":{"start":{"line":42,"column":49},"end":{"line":44,"column":17}},"line":42}},"branchMap":{"0":{"loc":{"start":{"line":16,"column":34},"end":{"line":18,"column":15}},"type":"cond-expr","locations":[{"start":{"line":16,"column":49},"end":{"line":18,"column":10}},{"start":{"line":18,"column":13},"end":{"line":18,"column":15}}],"line":16},"1":{"loc":{"start":{"line":41,"column":13},"end":{"line":48,"column":24}},"type":"cond-expr","locations":[{"start":{"line":41,"column":31},"end":{"line":48,"column":17}},{"start":{"line":48,"column":20},"end":{"line":48,"column":24}}],"line":41}},"s":{"0":3,"1":76,"2":76,"3":76,"4":76,"5":18,"6":76,"7":31,"8":31,"9":186,"10":31,"11":31,"12":76,"13":2,"14":2,"15":2,"16":2,"17":76,"18":6,"19":50},"f":{"0":76,"1":18,"2":31,"3":186,"4":2,"5":6,"6":50},"b":{"0":[31,0],"1":[38,38]},"_coverageSchema":"1a1c01bbd47fc00a2c39e90264f33305004495a9","hash":"6528c7bcb6cc6785f63d2d2dcca0416f47c8bd75"}
,"C:\\Users\\niels\\Documents\\CF\\meet\\src\\components\\Event.jsx": {"path":"C:\\Users\\niels\\Documents\\CF\\meet\\src\\components\\Event.jsx","statementMap":{"0":{"start":{"line":4,"column":14},"end":{"line":37,"column":1}},"1":{"start":{"line":5,"column":42},"end":{"line":5,"column":57}},"2":{"start":{"line":6,"column":1},"end":{"line":6,"column":25}},"3":{"start":{"line":6,"column":13},"end":{"line":6,"column":25}},"4":{"start":{"line":17,"column":4},"end":{"line":17,"column":9}},"5":{"start":{"line":18,"column":4},"end":{"line":36,"column":6}},"6":{"start":{"line":23,"column":35},"end":{"line":23,"column":63}}},"fnMap":{"0":{"name":"(anonymous_0)","decl":{"start":{"line":4,"column":14},"end":{"line":4,"column":15}},"loc":{"start":{"line":4,"column":29},"end":{"line":37,"column":1}},"line":4},"1":{"name":"(anonymous_1)","decl":{"start":{"line":23,"column":29},"end":{"line":23,"column":30}},"loc":{"start":{"line":23,"column":35},"end":{"line":23,"column":63}},"line":23}},"branchMap":{"0":{"loc":{"start":{"line":6,"column":1},"end":{"line":6,"column":25}},"type":"if","locations":[{"start":{"line":6,"column":1},"end":{"line":6,"column":25}},{"start":{},"end":{}}],"line":6},"1":{"loc":{"start":{"line":9,"column":4},"end":{"line":9,"column":24}},"type":"default-arg","locations":[{"start":{"line":9,"column":14},"end":{"line":9,"column":24}}],"line":9},"2":{"loc":{"start":{"line":11,"column":4},"end":{"line":11,"column":28}},"type":"default-arg","locations":[{"start":{"line":11,"column":15},"end":{"line":11,"column":28}}],"line":11},"3":{"loc":{"start":{"line":12,"column":4},"end":{"line":12,"column":14}},"type":"default-arg","locations":[{"start":{"line":12,"column":12},"end":{"line":12,"column":14}}],"line":12},"4":{"loc":{"start":{"line":13,"column":4},"end":{"line":13,"column":12}},"type":"default-arg","locations":[{"start":{"line":13,"column":10},"end":{"line":13,"column":12}}],"line":13},"5":{"loc":{"start":{"line":14,"column":4},"end":{"line":14,"column":34}},"type":"default-arg","locations":[{"start":{"line":14,"column":18},"end":{"line":14,"column":34}}],"line":14},"6":{"loc":{"start":{"line":15,"column":4},"end":{"line":15,"column":18}},"type":"default-arg","locations":[{"start":{"line":15,"column":16},"end":{"line":15,"column":18}}],"line":15},"7":{"loc":{"start":{"line":16,"column":4},"end":{"line":16,"column":18}},"type":"default-arg","locations":[{"start":{"line":16,"column":15},"end":{"line":16,"column":18}}],"line":16},"8":{"loc":{"start":{"line":22,"column":16},"end":{"line":22,"column":66}},"type":"cond-expr","locations":[{"start":{"line":22,"column":26},"end":{"line":22,"column":54}},{"start":{"line":22,"column":57},"end":{"line":22,"column":66}}],"line":22},"9":{"loc":{"start":{"line":24,"column":17},"end":{"line":24,"column":62}},"type":"cond-expr","locations":[{"start":{"line":24,"column":31},"end":{"line":24,"column":45}},{"start":{"line":24,"column":48},"end":{"line":24,"column":62}}],"line":24},"10":{"loc":{"start":{"line":26,"column":13},"end":{"line":34,"column":13}},"type":"binary-expr","locations":[{"start":{"line":26,"column":13},"end":{"line":26,"column":24}},{"start":{"line":27,"column":16},"end":{"line":33,"column":22}}],"line":26},"11":{"loc":{"start":{"line":28,"column":47},"end":{"line":28,"column":108}},"type":"cond-expr","locations":[{"start":{"line":28,"column":65},"end":{"line":28,"column":100}},{"start":{"line":28,"column":103},"end":{"line":28,"column":108}}],"line":28},"12":{"loc":{"start":{"line":29,"column":45},"end":{"line":29,"column":102}},"type":"cond-expr","locations":[{"start":{"line":29,"column":61},"end":{"line":29,"column":94}},{"start":{"line":29,"column":97},"end":{"line":29,"column":102}}],"line":29},"13":{"loc":{"start":{"line":30,"column":54},"end":{"line":30,"column":74}},"type":"binary-expr","locations":[{"start":{"line":30,"column":54},"end":{"line":30,"column":65}},{"start":{"line":30,"column":69},"end":{"line":30,"column":74}}],"line":30},"14":{"loc":{"start":{"line":31,"column":52},"end":{"line":31,"column":77}},"type":"binary-expr","locations":[{"start":{"line":31,"column":52},"end":{"line":31,"column":68}},{"start":{"line":31,"column":72},"end":{"line":31,"column":77}}],"line":31}},"s":{"0":4,"1":193,"2":193,"3":0,"4":193,"5":193,"6":2},"f":{"0":193,"1":2},"b":{"0":[0,193],"1":[0],"2":[0],"3":[0],"4":[0],"5":[0],"6":[0],"7":[0],"8":[193,0],"9":[1,192],"10":[193,1],"11":[1,0],"12":[1,0],"13":[1,0],"14":[1,0]},"_coverageSchema":"1a1c01bbd47fc00a2c39e90264f33305004495a9","hash":"84da7f774edfced93b6b4054faf365e8827eabd9"}
,"C:\\Users\\niels\\Documents\\CF\\meet\\src\\components\\EventList.jsx": {"path":"C:\\Users\\niels\\Documents\\CF\\meet\\src\\components\\EventList.jsx","statementMap":{"0":{"start":{"line":5,"column":18},"end":{"line":17,"column":1}},"1":{"start":{"line":6,"column":2},"end":{"line":16,"column":4}},"2":{"start":{"line":10,"column":10},"end":{"line":12,"column":15}}},"fnMap":{"0":{"name":"(anonymous_0)","decl":{"start":{"line":5,"column":18},"end":{"line":5,"column":19}},"loc":{"start":{"line":5,"column":34},"end":{"line":17,"column":1}},"line":5},"1":{"name":"(anonymous_1)","decl":{"start":{"line":9,"column":19},"end":{"line":9,"column":20}},"loc":{"start":{"line":10,"column":10},"end":{"line":12,"column":15}},"line":10}},"branchMap":{"0":{"loc":{"start":{"line":8,"column":7},"end":{"line":14,"column":14}},"type":"cond-expr","locations":[{"start":{"line":9,"column":8},"end":{"line":13,"column":10}},{"start":{"line":14,"column":10},"end":{"line":14,"column":14}}],"line":8}},"s":{"0":3,"1":14,"2":186},"f":{"0":14,"1":186},"b":{"0":[12,2]},"_coverageSchema":"1a1c01bbd47fc00a2c39e90264f33305004495a9","hash":"6c64bea790bf4ec078b90199e24d19ba8ee4e2ff"}
,"C:\\Users\\niels\\Documents\\CF\\meet\\src\\components\\NumberOfEvents.jsx": {"path":"C:\\Users\\niels\\Documents\\CF\\meet\\src\\components\\NumberOfEvents.jsx","statementMap":{"0":{"start":{"line":5,"column":23},"end":{"line":19,"column":1}},"1":{"start":{"line":6,"column":32},"end":{"line":6,"column":44}},"2":{"start":{"line":8,"column":4},"end":{"line":18,"column":5}},"3":{"start":{"line":15,"column":33},"end":{"line":15,"column":66}}},"fnMap":{"0":{"name":"(anonymous_0)","decl":{"start":{"line":5,"column":23},"end":{"line":5,"column":24}},"loc":{"start":{"line":5,"column":42},"end":{"line":19,"column":1}},"line":5},"1":{"name":"(anonymous_1)","decl":{"start":{"line":15,"column":26},"end":{"line":15,"column":27}},"loc":{"start":{"line":15,"column":33},"end":{"line":15,"column":66}},"line":15}},"branchMap":{},"s":{"0":4,"1":18,"2":18,"3":4},"f":{"0":18,"1":4},"b":{},"_coverageSchema":"1a1c01bbd47fc00a2c39e90264f33305004495a9","hash":"4c14d92703616301374e83ff1b94c9b5ddeaed63"}
}
