{"C:\\Users\\niels\\Documents\\CF\\meet\\src\\App.jsx": {"path":"C:\\Users\\niels\\Documents\\CF\\meet\\src\\App.jsx","statementMap":{"0":{"start":{"line":9,"column":2},"end":{"line":16,"column":4}}},"fnMap":{"0":{"name":"App","decl":{"start":{"line":7,"column":9},"end":{"line":7,"column":12}},"loc":{"start":{"line":7,"column":15},"end":{"line":17,"column":1}},"line":7}},"branchMap":{},"s":{"0":3},"f":{"0":3},"b":{},"_coverageSchema":"1a1c01bbd47fc00a2c39e90264f33305004495a9","hash":"a53d2e03a49574a99fc0003a26472f22d54d90b8"}
,"C:\\Users\\niels\\Documents\\CF\\meet\\src\\api.js": {"path":"C:\\Users\\niels\\Documents\\CF\\meet\\src\\api.js","statementMap":{"0":{"start":{"line":11,"column":32},"end":{"line":15,"column":1}},"1":{"start":{"line":12,"column":31},"end":{"line":12,"column":68}},"2":{"start":{"line":12,"column":53},"end":{"line":12,"column":67}},"3":{"start":{"line":13,"column":22},"end":{"line":13,"column":54}},"4":{"start":{"line":14,"column":4},"end":{"line":14,"column":21}},"5":{"start":{"line":21,"column":25},"end":{"line":23,"column":1}},"6":{"start":{"line":22,"column":4},"end":{"line":22,"column":20}}},"fnMap":{"0":{"name":"(anonymous_0)","decl":{"start":{"line":11,"column":32},"end":{"line":11,"column":33}},"loc":{"start":{"line":11,"column":44},"end":{"line":15,"column":1}},"line":11},"1":{"name":"(anonymous_1)","decl":{"start":{"line":12,"column":42},"end":{"line":12,"column":43}},"loc":{"start":{"line":12,"column":53},"end":{"line":12,"column":67}},"line":12},"2":{"name":"(anonymous_2)","decl":{"start":{"line":21,"column":25},"end":{"line":21,"column":26}},"loc":{"start":{"line":21,"column":37},"end":{"line":23,"column":1}},"line":21}},"branchMap":{},"s":{"0":4,"1":2,"2":80,"3":2,"4":2,"5":4,"6":9},"f":{"0":2,"1":80,"2":9},"b":{},"_coverageSchema":"1a1c01bbd47fc00a2c39e90264f33305004495a9","hash":"532564f99572300b94443515ec2d34283542d77e"}
,"C:\\Users\\niels\\Documents\\CF\\meet\\src\\main.jsx": {"path":"C:\\Users\\niels\\Documents\\CF\\meet\\src\\main.jsx","statementMap":{"0":{"start":{"line":6,"column":0},"end":{"line":10,"column":1}}},"fnMap":{},"branchMap":{},"s":{"0":0},"f":{},"b":{}}
,"C:\\Users\\niels\\Documents\\CF\\meet\\src\\mock-data.js": {"path":"C:\\Users\\niels\\Documents\\CF\\meet\\src\\mock-data.js","statementMap":{"0":{"start":{"line":1,"column":17},"end":{"line":1682,"column":1}}},"fnMap":{},"branchMap":{},"s":{"0":4},"f":{},"b":{},"_coverageSchema":"1a1c01bbd47fc00a2c39e90264f33305004495a9","hash":"0ba459a6d5361521f865af8821e44dae72e75396"}
,"C:\\Users\\niels\\Documents\\CF\\meet\\src\\components\\CitySearch.jsx": {"path":"C:\\Users\\niels\\Documents\\CF\\meet\\src\\components\\CitySearch.jsx","statementMap":{"0":{"start":{"line":5,"column":19},"end":{"line":46,"column":1}},"1":{"start":{"line":6,"column":50},"end":{"line":6,"column":65}},"2":{"start":{"line":7,"column":30},"end":{"line":7,"column":42}},"3":{"start":{"line":8,"column":42},"end":{"line":8,"column":54}},"4":{"start":{"line":10,"column":31},"end":{"line":18,"column":5}},"5":{"start":{"line":11,"column":22},"end":{"line":11,"column":40}},"6":{"start":{"line":12,"column":34},"end":{"line":14,"column":15}},"7":{"start":{"line":13,"column":12},"end":{"line":13,"column":76}},"8":{"start":{"line":16,"column":8},"end":{"line":16,"column":24}},"9":{"start":{"line":17,"column":8},"end":{"line":17,"column":42}},"10":{"start":{"line":20,"column":30},"end":{"line":24,"column":5}},"11":{"start":{"line":21,"column":22},"end":{"line":21,"column":46}},"12":{"start":{"line":22,"column":8},"end":{"line":22,"column":24}},"13":{"start":{"line":23,"column":8},"end":{"line":23,"column":34}},"14":{"start":{"line":26,"column":4},"end":{"line":45,"column":5}},"15":{"start":{"line":33,"column":31},"end":{"line":33,"column":55}},"16":{"start":{"line":38,"column":20},"end":{"line":38,"column":93}}},"fnMap":{"0":{"name":"(anonymous_0)","decl":{"start":{"line":5,"column":19},"end":{"line":5,"column":20}},"loc":{"start":{"line":5,"column":41},"end":{"line":46,"column":1}},"line":5},"1":{"name":"(anonymous_1)","decl":{"start":{"line":10,"column":31},"end":{"line":10,"column":32}},"loc":{"start":{"line":10,"column":42},"end":{"line":18,"column":5}},"line":10},"2":{"name":"(anonymous_2)","decl":{"start":{"line":12,"column":69},"end":{"line":12,"column":70}},"loc":{"start":{"line":12,"column":83},"end":{"line":14,"column":9}},"line":12},"3":{"name":"(anonymous_3)","decl":{"start":{"line":20,"column":30},"end":{"line":20,"column":31}},"loc":{"start":{"line":20,"column":41},"end":{"line":24,"column":5}},"line":20},"4":{"name":"(anonymous_4)","decl":{"start":{"line":33,"column":25},"end":{"line":33,"column":26}},"loc":{"start":{"line":33,"column":31},"end":{"line":33,"column":55}},"line":33},"5":{"name":"(anonymous_5)","decl":{"start":{"line":37,"column":33},"end":{"line":37,"column":34}},"loc":{"start":{"line":37,"column":49},"end":{"line":39,"column":17}},"line":37}},"branchMap":{"0":{"loc":{"start":{"line":12,"column":34},"end":{"line":14,"column":15}},"type":"cond-expr","locations":[{"start":{"line":12,"column":49},"end":{"line":14,"column":10}},{"start":{"line":14,"column":13},"end":{"line":14,"column":15}}],"line":12},"1":{"loc":{"start":{"line":36,"column":13},"end":{"line":43,"column":24}},"type":"cond-expr","locations":[{"start":{"line":36,"column":31},"end":{"line":43,"column":17}},{"start":{"line":43,"column":20},"end":{"line":43,"column":24}}],"line":36}},"s":{"0":2,"1":26,"2":26,"3":26,"4":26,"5":12,"6":12,"7":72,"8":12,"9":12,"10":26,"11":1,"12":1,"13":1,"14":26,"15":3,"16":12},"f":{"0":26,"1":12,"2":72,"3":1,"4":3,"5":12},"b":{"0":[12,0],"1":[15,11]},"_coverageSchema":"1a1c01bbd47fc00a2c39e90264f33305004495a9","hash":"a0703e829faa65b45c6825574311d5926d521e2f"}
,"C:\\Users\\niels\\Documents\\CF\\meet\\src\\components\\Event.jsx": {"path":"C:\\Users\\niels\\Documents\\CF\\meet\\src\\components\\Event.jsx","statementMap":{"0":{"start":{"line":4,"column":14},"end":{"line":37,"column":1}},"1":{"start":{"line":5,"column":42},"end":{"line":5,"column":57}},"2":{"start":{"line":6,"column":1},"end":{"line":6,"column":25}},"3":{"start":{"line":6,"column":13},"end":{"line":6,"column":25}},"4":{"start":{"line":17,"column":4},"end":{"line":17,"column":9}},"5":{"start":{"line":18,"column":4},"end":{"line":36,"column":6}},"6":{"start":{"line":23,"column":35},"end":{"line":23,"column":63}}},"fnMap":{"0":{"name":"(anonymous_0)","decl":{"start":{"line":4,"column":14},"end":{"line":4,"column":15}},"loc":{"start":{"line":4,"column":29},"end":{"line":37,"column":1}},"line":4},"1":{"name":"(anonymous_1)","decl":{"start":{"line":23,"column":29},"end":{"line":23,"column":30}},"loc":{"start":{"line":23,"column":35},"end":{"line":23,"column":63}},"line":23}},"branchMap":{"0":{"loc":{"start":{"line":6,"column":1},"end":{"line":6,"column":25}},"type":"if","locations":[{"start":{"line":6,"column":1},"end":{"line":6,"column":25}},{"start":{},"end":{}}],"line":6},"1":{"loc":{"start":{"line":9,"column":4},"end":{"line":9,"column":24}},"type":"default-arg","locations":[{"start":{"line":9,"column":14},"end":{"line":9,"column":24}}],"line":9},"2":{"loc":{"start":{"line":11,"column":4},"end":{"line":11,"column":28}},"type":"default-arg","locations":[{"start":{"line":11,"column":15},"end":{"line":11,"column":28}}],"line":11},"3":{"loc":{"start":{"line":12,"column":4},"end":{"line":12,"column":14}},"type":"default-arg","locations":[{"start":{"line":12,"column":12},"end":{"line":12,"column":14}}],"line":12},"4":{"loc":{"start":{"line":13,"column":4},"end":{"line":13,"column":12}},"type":"default-arg","locations":[{"start":{"line":13,"column":10},"end":{"line":13,"column":12}}],"line":13},"5":{"loc":{"start":{"line":14,"column":4},"end":{"line":14,"column":34}},"type":"default-arg","locations":[{"start":{"line":14,"column":18},"end":{"line":14,"column":34}}],"line":14},"6":{"loc":{"start":{"line":15,"column":4},"end":{"line":15,"column":18}},"type":"default-arg","locations":[{"start":{"line":15,"column":16},"end":{"line":15,"column":18}}],"line":15},"7":{"loc":{"start":{"line":16,"column":4},"end":{"line":16,"column":18}},"type":"default-arg","locations":[{"start":{"line":16,"column":15},"end":{"line":16,"column":18}}],"line":16},"8":{"loc":{"start":{"line":22,"column":16},"end":{"line":22,"column":66}},"type":"cond-expr","locations":[{"start":{"line":22,"column":26},"end":{"line":22,"column":54}},{"start":{"line":22,"column":57},"end":{"line":22,"column":66}}],"line":22},"9":{"loc":{"start":{"line":24,"column":17},"end":{"line":24,"column":62}},"type":"cond-expr","locations":[{"start":{"line":24,"column":31},"end":{"line":24,"column":45}},{"start":{"line":24,"column":48},"end":{"line":24,"column":62}}],"line":24},"10":{"loc":{"start":{"line":26,"column":13},"end":{"line":34,"column":13}},"type":"binary-expr","locations":[{"start":{"line":26,"column":13},"end":{"line":26,"column":24}},{"start":{"line":27,"column":16},"end":{"line":33,"column":22}}],"line":26},"11":{"loc":{"start":{"line":28,"column":47},"end":{"line":28,"column":108}},"type":"cond-expr","locations":[{"start":{"line":28,"column":65},"end":{"line":28,"column":100}},{"start":{"line":28,"column":103},"end":{"line":28,"column":108}}],"line":28},"12":{"loc":{"start":{"line":29,"column":45},"end":{"line":29,"column":102}},"type":"cond-expr","locations":[{"start":{"line":29,"column":61},"end":{"line":29,"column":94}},{"start":{"line":29,"column":97},"end":{"line":29,"column":102}}],"line":29},"13":{"loc":{"start":{"line":30,"column":54},"end":{"line":30,"column":74}},"type":"binary-expr","locations":[{"start":{"line":30,"column":54},"end":{"line":30,"column":65}},{"start":{"line":30,"column":69},"end":{"line":30,"column":74}}],"line":30},"14":{"loc":{"start":{"line":31,"column":52},"end":{"line":31,"column":77}},"type":"binary-expr","locations":[{"start":{"line":31,"column":52},"end":{"line":31,"column":68}},{"start":{"line":31,"column":72},"end":{"line":31,"column":77}}],"line":31}},"s":{"0":3,"1":48,"2":48,"3":3,"4":45,"5":45,"6":0},"f":{"0":48,"1":0},"b":{"0":[3,45],"1":[0],"2":[0],"3":[0],"4":[0],"5":[0],"6":[0],"7":[0],"8":[45,0],"9":[0,45],"10":[45,0],"11":[0,0],"12":[0,0],"13":[0,0],"14":[0,0]},"_coverageSchema":"1a1c01bbd47fc00a2c39e90264f33305004495a9","hash":"84da7f774edfced93b6b4054faf365e8827eabd9"}
,"C:\\Users\\niels\\Documents\\CF\\meet\\src\\components\\EventList.jsx": {"path":"C:\\Users\\niels\\Documents\\CF\\meet\\src\\components\\EventList.jsx","statementMap":{"0":{"start":{"line":5,"column":18},"end":{"line":17,"column":1}},"1":{"start":{"line":6,"column":2},"end":{"line":16,"column":4}},"2":{"start":{"line":10,"column":10},"end":{"line":12,"column":15}}},"fnMap":{"0":{"name":"(anonymous_0)","decl":{"start":{"line":5,"column":18},"end":{"line":5,"column":19}},"loc":{"start":{"line":5,"column":34},"end":{"line":17,"column":1}},"line":5},"1":{"name":"(anonymous_1)","decl":{"start":{"line":9,"column":19},"end":{"line":9,"column":20}},"loc":{"start":{"line":10,"column":10},"end":{"line":12,"column":15}},"line":10}},"branchMap":{"0":{"loc":{"start":{"line":8,"column":7},"end":{"line":14,"column":14}},"type":"cond-expr","locations":[{"start":{"line":9,"column":8},"end":{"line":13,"column":10}},{"start":{"line":14,"column":10},"end":{"line":14,"column":14}}],"line":8}},"s":{"0":2,"1":6,"2":40},"f":{"0":6,"1":40},"b":{"0":[1,5]},"_coverageSchema":"1a1c01bbd47fc00a2c39e90264f33305004495a9","hash":"6c64bea790bf4ec078b90199e24d19ba8ee4e2ff"}
,"C:\\Users\\niels\\Documents\\CF\\meet\\src\\components\\NumberOfEvents.jsx": {"path":"C:\\Users\\niels\\Documents\\CF\\meet\\src\\components\\NumberOfEvents.jsx","statementMap":{"0":{"start":{"line":5,"column":23},"end":{"line":19,"column":1}},"1":{"start":{"line":6,"column":32},"end":{"line":6,"column":44}},"2":{"start":{"line":8,"column":4},"end":{"line":18,"column":5}},"3":{"start":{"line":15,"column":33},"end":{"line":15,"column":66}}},"fnMap":{"0":{"name":"(anonymous_0)","decl":{"start":{"line":5,"column":23},"end":{"line":5,"column":24}},"loc":{"start":{"line":5,"column":42},"end":{"line":19,"column":1}},"line":5},"1":{"name":"(anonymous_1)","decl":{"start":{"line":15,"column":26},"end":{"line":15,"column":27}},"loc":{"start":{"line":15,"column":33},"end":{"line":15,"column":66}},"line":15}},"branchMap":{},"s":{"0":2,"1":10,"2":10,"3":4},"f":{"0":10,"1":4},"b":{},"_coverageSchema":"1a1c01bbd47fc00a2c39e90264f33305004495a9","hash":"4c14d92703616301374e83ff1b94c9b5ddeaed63"}
,"C:\\Users\\niels\\Documents\\CF\\meet\\src\\components\\setupTests.js": {"path":"C:\\Users\\niels\\Documents\\CF\\meet\\src\\components\\setupTests.js","statementMap":{"0":{"start":{"line":8,"column":27},"end":{"line":12,"column":1}},"1":{"start":{"line":14,"column":22},"end":{"line":14,"column":55}},"2":{"start":{"line":16,"column":0},"end":{"line":19,"column":1}},"3":{"start":{"line":17,"column":26},"end":{"line":17,"column":95}},"4":{"start":{"line":17,"column":61},"end":{"line":17,"column":94}},"5":{"start":{"line":18,"column":4},"end":{"line":18,"column":47}},"6":{"start":{"line":18,"column":24},"end":{"line":18,"column":47}}},"fnMap":{"0":{"name":"(anonymous_0)","decl":{"start":{"line":16,"column":16},"end":{"line":16,"column":17}},"loc":{"start":{"line":16,"column":29},"end":{"line":19,"column":1}},"line":16},"1":{"name":"(anonymous_1)","decl":{"start":{"line":17,"column":50},"end":{"line":17,"column":51}},"loc":{"start":{"line":17,"column":61},"end":{"line":17,"column":94}},"line":17}},"branchMap":{"0":{"loc":{"start":{"line":18,"column":4},"end":{"line":18,"column":47}},"type":"if","locations":[{"start":{"line":18,"column":4},"end":{"line":18,"column":47}},{"start":{},"end":{}}],"line":18}},"s":{"0":0,"1":0,"2":0,"3":0,"4":0,"5":0,"6":0},"f":{"0":0,"1":0},"b":{"0":[0,0]}}
}
