TN:
SF:src\App.jsx
FN:10,App
FN:17,(anonymous_1)
FN:21,(anonymous_2)
FN:25,(anonymous_3)
FNF:4
FNH:4
FNDA:12,App
FNDA:7,(anonymous_1)
FNDA:7,(anonymous_2)
FNDA:40,(anonymous_3)
DA:12,12
DA:13,11
DA:14,11
DA:15,11
DA:17,11
DA:18,7
DA:21,11
DA:22,7
DA:23,7
DA:25,40
DA:26,7
DA:27,7
DA:31,11
LF:13
LH:13
BRDA:23,0,0,6
BRDA:23,0,1,1
BRF:2
BRH:2
end_of_record
TN:
SF:src\api.js
FN:11,(anonymous_0)
FN:12,(anonymous_1)
FN:21,(anonymous_2)
FNF:3
FNH:3
FNDA:11,(anonymous_0)
FNDA:440,(anonymous_1)
FNDA:19,(anonymous_2)
DA:11,5
DA:12,440
DA:13,11
DA:14,11
DA:21,5
DA:22,19
LF:6
LH:6
BRF:0
BRH:0
end_of_record
TN:
SF:src\main.jsx
FNF:0
FNH:0
DA:6,0
LF:1
LH:0
BRF:0
BRH:0
end_of_record
TN:
SF:src\mock-data.js
FNF:0
FNH:0
DA:1,5
LF:1
LH:1
BRF:0
BRH:0
end_of_record
TN:
SF:src\components\CitySearch.jsx
FN:5,(anonymous_0)
FN:10,(anonymous_1)
FN:14,(anonymous_2)
FN:16,(anonymous_3)
FN:24,(anonymous_4)
FN:38,(anonymous_5)
FN:42,(anonymous_6)
FNF:7
FNH:7
FNDA:76,(anonymous_0)
FNDA:18,(anonymous_1)
FNDA:31,(anonymous_2)
FNDA:186,(anonymous_3)
FNDA:2,(anonymous_4)
FNDA:6,(anonymous_5)
FNDA:50,(anonymous_6)
DA:5,3
DA:6,76
DA:7,76
DA:8,76
DA:10,76
DA:11,18
DA:14,76
DA:15,31
DA:16,31
DA:17,186
DA:20,31
DA:21,31
DA:24,76
DA:25,2
DA:26,2
DA:27,2
DA:28,2
DA:31,76
DA:38,6
DA:43,50
LF:20
LH:20
BRDA:16,0,0,31
BRDA:16,0,1,0
BRDA:41,1,0,38
BRDA:41,1,1,38
BRF:4
BRH:3
end_of_record
TN:
SF:src\components\Event.jsx
FN:4,(anonymous_0)
FN:23,(anonymous_1)
FNF:2
FNH:2
FNDA:193,(anonymous_0)
FNDA:2,(anonymous_1)
DA:4,4
DA:5,193
DA:6,193
DA:17,193
DA:18,193
DA:23,2
LF:6
LH:6
BRDA:6,0,0,0
BRDA:6,0,1,193
BRDA:9,1,0,0
BRDA:11,2,0,0
BRDA:12,3,0,0
BRDA:13,4,0,0
BRDA:14,5,0,0
BRDA:15,6,0,0
BRDA:16,7,0,0
BRDA:22,8,0,193
BRDA:22,8,1,0
BRDA:24,9,0,1
BRDA:24,9,1,192
BRDA:26,10,0,193
BRDA:26,10,1,1
BRDA:28,11,0,1
BRDA:28,11,1,0
BRDA:29,12,0,1
BRDA:29,12,1,0
BRDA:30,13,0,1
BRDA:30,13,1,0
BRDA:31,14,0,1
BRDA:31,14,1,0
BRF:23
BRH:10
end_of_record
TN:
SF:src\components\EventList.jsx
FN:5,(anonymous_0)
FN:9,(anonymous_1)
FNF:2
FNH:2
FNDA:14,(anonymous_0)
FNDA:186,(anonymous_1)
DA:5,3
DA:6,14
DA:10,186
LF:3
LH:3
BRDA:8,0,0,12
BRDA:8,0,1,2
BRF:2
BRH:2
end_of_record
TN:
SF:src\components\NumberOfEvents.jsx
FN:5,(anonymous_0)
FN:15,(anonymous_1)
FNF:2
FNH:2
FNDA:18,(anonymous_0)
FNDA:4,(anonymous_1)
DA:5,4
DA:6,18
DA:8,18
DA:15,4
LF:4
LH:4
BRF:0
BRH:0
end_of_record
